ntgrid nperiod ntheta drhodpsi rmaj shat kxfac q scale
16 1 32 1.0 1.0 1e-06 1.0 2.468020478546797 1.0
gbdrift gradpar grho tgrid
-0.2590943378796984 0.08841451552513989 1.0 -3.141592653589793
-0.2540752703005926 0.08841451552513989 1.0 -2.945243112740431
-0.23921562821861597 0.08841451552513989 1.0 -2.748893571891069
-0.21509977327358448 0.08841451552513989 1.0 -2.552544031041707
-0.18267434307554298 0.08841451552513989 1.0 -2.356194490192345
-0.14320879307834383 0.08841451552513989 1.0 -2.1598449493429825
-0.09824300861929079 0.08841451552513989 1.0 -1.9634954084936207
-0.049524564734379335 0.08841451552513989 1.0 -1.7671458676442586
0.0010614046595583924 0.08841451552513989 1.0 -1.5707963267948966
0.05156658291267828 0.08841451552513989 1.0 -1.3744467859455345
0.10005495158614143 0.08841451552513989 1.0 -1.1780972450961724
0.14467639998815676 0.08841451552513989 1.0 -0.9817477042468106
0.1837357714855431 0.08841451552513989 1.0 -0.7853981633974483
0.21575501622742851 0.08841451552513989 1.0 -0.589048622548086
0.2395265183213238 0.08841451552513989 1.0 -0.39269908169872414
0.25415606839775384 0.08841451552513989 1.0 -0.1963495408493623
0.2590943378796984 0.08841451552513989 1.0 0.0
0.25415606839775384 0.08841451552513989 1.0 0.1963495408493623
0.2395265183213238 0.08841451552513989 1.0 0.39269908169872414
0.21575501622742851 0.08841451552513989 1.0 0.589048622548086
0.1837357714855431 0.08841451552513989 1.0 0.7853981633974483
0.14467639998815676 0.08841451552513989 1.0 0.9817477042468106
0.10005495158614158 0.08841451552513989 1.0 1.178097245096172
0.05156658291267834 0.08841451552513989 1.0 1.3744467859455343
0.0010614046595583924 0.08841451552513989 1.0 1.5707963267948966
-0.04952456473437939 0.08841451552513989 1.0 1.7671458676442588
-0.0982430086192909 0.08841451552513989 1.0 1.9634954084936211
-0.14320879307834383 0.08841451552513989 1.0 2.1598449493429825
-0.18267434307554298 0.08841451552513989 1.0 2.356194490192345
-0.21509977327358448 0.08841451552513989 1.0 2.552544031041707
-0.23921562821861592 0.08841451552513989 1.0 2.7488935718910685
-0.2540752703005926 0.08841451552513989 1.0 2.945243112740431
-0.2590943378796984 0.08841451552513989 1.0 3.141592653589793
cvdrift gds2 bmag tgrid
-0.2590943378796984 0.8427562456917265 1.0087645394111626 -3.141592653589793
-0.2540752703005926 1.2177033890391769 1.0086848120590597 -2.945243112740431
-0.23921562821861597 1.674458338901601 1.0084487682326466 -2.748893571891069
-0.21509977327358448 2.5012422819361486 1.0080656904541214 -2.552544031041707
-0.18267434307554298 0.9015134278590552 1.0075506159607515 -2.356194490192345
-0.14320879307834383 0.811747642781606 1.006923709916754 -2.1598449493429825
-0.09824300861929079 2.097976393457835 1.0062094332361438 -1.9634954084936207
-0.049524564734379335 6.418001699251109 1.0054355459616027 -1.7671458676442586
0.0010614046595583924 4.855758429054122 1.0046319932439343 -1.5707963267948966
0.05156658291267828 1.325177686450503 1.0038297238849034 -1.3744467859455345
0.10005495158614143 0.7788828063640436 1.003059491330508 -1.1780972450961724
0.14467639998815676 2.3793315183784736 1.002350684391364 -0.9817477042468106
0.1837357714855431 4.064949236514874 1.0017302304494275 -0.7853981633974483
0.21575501622742851 1.8899885153915255 1.0012216081686198 -0.589048622548086
0.2395265183213238 1.0570572015939335 1.0008440003983334 -0.39269908169872414
0.25415606839775384 0.38500604508237113 1.0006116115588386 -0.1963495408493623
0.2590943378796984 0.1393361840268049 1.000533167675874 0.0
0.25415606839775384 0.3971572305792487 1.0006116115588386 0.1963495408493623
0.2395265183213238 1.0684203558789203 1.0008440003983334 0.39269908169872414
0.21575501622742851 1.9077520103538623 1.0012216081686198 0.589048622548086
0.1837357714855431 4.066287385430427 1.0017302304494275 0.7853981633974483
0.14467639998815676 2.308245172840934 1.002350684391364 0.9817477042468106
0.10005495158614158 0.7740869823320351 1.003059491330508 1.178097245096172
0.05156658291267834 1.3571957580451879 1.0038297238849034 1.3744467859455343
0.0010614046595583924 4.958781432957339 1.0046319932439343 1.5707963267948966
-0.04952456473437939 6.3518420926499175 1.0054355459616027 1.7671458676442588
-0.0982430086192909 2.0542357606366366 1.0062094332361438 1.9634954084936211
-0.14320879307834383 0.8012753383595138 1.006923709916754 2.1598449493429825
-0.18267434307554298 0.9309124284702215 1.0075506159607515 2.356194490192345
-0.21509977327358448 2.534079478138551 1.0080656904541214 2.552544031041707
-0.23921562821861592 1.6679591944636674 1.0084487682326466 2.7488935718910685
-0.2540752703005926 1.2132792930952243 1.0086848120590597 2.945243112740431
-0.2590943378796984 0.8309514180563463 1.0087645394111626 3.141592653589793
gds21 gds22 tgrid
-8.451838885269104e-07 2.0452593892520067e-12 -3.141592653589793
-1.5739068092949532e-08 8.290746714496166e-13 -2.945243112740431
1.3208156770320519e-06 1.6446353472290078e-12 -2.748893571891069
3.334339254060072e-06 4.848445777393811e-12 -2.552544031041707
1.2686536785833803e-06 2.9048945852405864e-12 -2.356194490192345
-8.321959151392207e-08 1.2519221070426462e-12 -2.1598449493429825
-2.694509587624706e-07 5.156984327746033e-13 -1.9634954084936207
4.294645614231697e-07 1.8600168469634344e-13 -1.7671458676442586
1.0210741827395561e-06 4.2257287621766245e-13 -1.5707963267948966
4.331211401694751e-07 9.032096248118632e-13 -1.3744467859455345
-3.1378137440296947e-07 1.422265404753017e-12 -1.1780972450961724
-2.3460826568791893e-06 2.7375013114080686e-12 -0.9817477042468106
-3.1355181573328386e-06 2.6668951573881623e-12 -0.7853981633974483
-7.005987529988727e-07 7.937391785257025e-13 -0.589048622548086
2.1592501578181623e-07 9.989458751848338e-13 -0.39269908169872414
4.809484875365671e-07 3.2223669795225878e-12 -0.1963495408493623
-0.0 7.243770352804677e-12 0.0
-4.898066520883131e-07 3.1454290119162186e-12 0.1963495408493623
-2.0798916262896186e-07 9.851729283382233e-13 0.39269908169872414
7.314846732027072e-07 8.095334916042436e-13 0.589048622548086
3.175267462599572e-06 2.727707544162119e-12 0.7853981633974483
2.294042760571536e-06 2.717194681073505e-12 0.9817477042468106
2.8947698879718866e-07 1.4121361951808594e-12 1.178097245096172
-4.4365857762833334e-07 8.887091234110261e-13 1.3744467859455343
-1.013427602450798e-06 4.1065629769469956e-13 1.5707963267948966
-3.885246979066633e-07 1.8266681426989282e-13 1.7671458676442588
2.778776339244837e-07 5.289243421724107e-13 1.9634954084936211
7.239658052408043e-08 1.266182216309115e-12 2.1598449493429825
-1.3174186561632688e-06 2.9486245436040442e-12 2.356194490192345
-3.33916885523989e-06 4.7983372532823015e-12 2.552544031041707
-1.2858876186330235e-06 1.5964576924414784e-12 2.7488935718910685
2.852283494674273e-08 8.325641728070147e-13 2.945243112740431
8.565002355451661e-07 2.0974896179755297e-12 3.141592653589793
cvdrift0 gbdrift0 tgrid
-8.333109462946287e-23 -8.333109462946287e-23 -3.141592653589793
5.075069401495979e-08 5.075069401495979e-08 -2.945243112740431
9.952768025676179e-08 9.952768025676179e-08 -2.748893571891069
1.444367109116372e-07 1.444367109116372e-07 -2.552544031041707
1.8373883722076325e-07 1.8373883722076325e-07 -2.356194490192345
2.1591923838871655e-07 2.1591923838871655e-07 -2.1598449493429825
2.397460889748762e-07 2.397460889748762e-07 -1.9634954084936207
2.54317111907928e-07 2.54317111907928e-07 -1.7671458676442586
2.5909216379788093e-07 2.5909216379788093e-07 -1.5707963267948966
2.539109360544149e-07 2.539109360544149e-07 -1.3744467859455345
2.3899557021922857e-07 2.3899557021922857e-07 -1.1780972450961724
2.149386312596835e-07 2.149386312596835e-07 -0.9817477042468106
1.8267742662390334e-07 1.8267742662390334e-07 -0.7853981633974483
1.4345608698839296e-07 1.4345608698839296e-07 -0.589048622548086
9.8777137750513e-08 9.8777137750513e-08 -0.39269908169872414
5.034450136723552e-08 5.034450136723552e-08 -0.1963495408493623
-0.0 -0.0 0.0
-5.034450136723553e-08 -5.034450136723553e-08 0.1963495408493623
-9.8777137750513e-08 -9.8777137750513e-08 0.39269908169872414
-1.4345608698839296e-07 -1.4345608698839296e-07 0.589048622548086
-1.8267742662390334e-07 -1.8267742662390334e-07 0.7853981633974483
-2.149386312596835e-07 -2.149386312596835e-07 0.9817477042468106
-2.3899557021922847e-07 -2.3899557021922847e-07 1.178097245096172
-2.539109360544149e-07 -2.539109360544149e-07 1.3744467859455343
-2.5909216379788093e-07 -2.5909216379788093e-07 1.5707963267948966
-2.54317111907928e-07 -2.54317111907928e-07 1.7671458676442588
-2.3974608897487617e-07 -2.3974608897487617e-07 1.9634954084936211
-2.1591923838871655e-07 -2.1591923838871655e-07 2.1598449493429825
-1.8373883722076325e-07 -1.8373883722076325e-07 2.356194490192345
-1.444367109116372e-07 -1.444367109116372e-07 2.552544031041707
-9.95276802567619e-08 -9.95276802567619e-08 2.7488935718910685
-5.075069401495979e-08 -5.075069401495979e-08 2.945243112740431
8.333109462946287e-23 8.333109462946287e-23 3.141592653589793